TN:
SF:src\domain\dtos\ICreateUserDTO.ts
FNF:0
FNH:0
LF:0
LH:0
BRF:0
BRH:0
end_of_record
TN:
SF:src\domain\entities\fakes\FakeUser.ts
FN:18,(anonymous_0)
FNF:1
FNH:1
FNDA:11,(anonymous_0)
DA:12,11
DA:16,11
DA:23,11
DA:24,11
DA:25,11
LF:5
LH:5
BRDA:18,0,0,9
BRDA:19,1,0,9
BRDA:20,2,0,10
BRDA:21,3,0,9
BRF:4
BRH:4
end_of_record
TN:
SF:src\domain\repositories\IUsersRepository.ts
FNF:0
FNH:0
LF:0
LH:0
BRF:0
BRH:0
end_of_record
TN:
SF:src\domain\repositories\fakes\FakeUsersRepository.ts
FN:12,(anonymous_0)
FN:20,(anonymous_1)
FN:26,(anonymous_2)
FNF:3
FNH:3
FNDA:2,(anonymous_0)
FNDA:2,(anonymous_1)
FNDA:1,(anonymous_2)
DA:10,5
DA:13,2
DA:15,2
DA:17,2
DA:26,2
DA:28,2
DA:30,1
DA:32,1
DA:39,1
DA:41,1
LF:10
LH:10
BRDA:28,0,0,1
BRDA:28,0,1,1
BRF:2
BRH:2
end_of_record
TN:
SF:src\useCases\CreateUserUseCase.ts
FN:6,(anonymous_0)
FN:8,(anonymous_1)
FNF:2
FNH:2
FNDA:2,(anonymous_0)
FNDA:2,(anonymous_1)
DA:16,2
LF:1
LH:1
BRF:0
BRH:0
end_of_record
